Determining if the pthread_create exist failed with the following output:
Change Dir: /home/jhsrobo/Github/ROVMIND/ros_workspace/build/CMakeFiles/CMakeTmp

Run Build Command:"/usr/bin/make" "cmTC_4cad1/fast"
/usr/bin/make -f CMakeFiles/cmTC_4cad1.dir/build.make CMakeFiles/cmTC_4cad1.dir/build
make[1]: Entering directory '/home/jhsrobo/Github/ROVMIND/ros_workspace/build/CMakeFiles/CMakeTmp'
Building C object CMakeFiles/cmTC_4cad1.dir/CheckSymbolExists.c.o
/usr/bin/cc    -o CMakeFiles/cmTC_4cad1.dir/CheckSymbolExists.c.o   -c /home/jhsrobo/Github/ROVMIND/ros_workspace/build/CMakeFiles/CMakeTmp/CheckSymbolExists.c
Linking C executable cmTC_4cad1
/usr/bin/cmake -E cmake_link_script CMakeFiles/cmTC_4cad1.dir/link.txt --verbose=1
/usr/bin/cc      -rdynamic CMakeFiles/cmTC_4cad1.dir/CheckSymbolExists.c.o  -o cmTC_4cad1 
CMakeFiles/cmTC_4cad1.dir/CheckSymbolExists.c.o: In function `main':
CheckSymbolExists.c:(.text+0x2c): undefined reference to `pthread_create'
collect2: error: ld returned 1 exit status
CMakeFiles/cmTC_4cad1.dir/build.make:97: recipe for target 'cmTC_4cad1' failed
make[1]: *** [cmTC_4cad1] Error 1
make[1]: Leaving directory '/home/jhsrobo/Github/ROVMIND/ros_workspace/build/CMakeFiles/CMakeTmp'
Makefile:126: recipe for target 'cmTC_4cad1/fast' failed
make: *** [cmTC_4cad1/fast] Error 2

File /home/jhsrobo/Github/ROVMIND/ros_workspace/build/CMakeFiles/CMakeTmp/CheckSymbolExists.c:
/* */
#include <pthread.h>

int main(int argc, char** argv)
{
  (void)argv;
#ifndef pthread_create
  return ((int*)(&pthread_create))[argc];
#else
  (void)argc;
  return 0;
#endif
}

Determining if the function pthread_create exists in the pthreads failed with the following output:
Change Dir: /home/jhsrobo/Github/ROVMIND/ros_workspace/build/CMakeFiles/CMakeTmp

Run Build Command:"/usr/bin/make" "cmTC_5fc15/fast"
/usr/bin/make -f CMakeFiles/cmTC_5fc15.dir/build.make CMakeFiles/cmTC_5fc15.dir/build
make[1]: Entering directory '/home/jhsrobo/Github/ROVMIND/ros_workspace/build/CMakeFiles/CMakeTmp'
Building C object CMakeFiles/cmTC_5fc15.dir/CheckFunctionExists.c.o
/usr/bin/cc   -DCHECK_FUNCTION_EXISTS=pthread_create   -o CMakeFiles/cmTC_5fc15.dir/CheckFunctionExists.c.o   -c /usr/share/cmake-3.10/Modules/CheckFunctionExists.c
Linking C executable cmTC_5fc15
/usr/bin/cmake -E cmake_link_script CMakeFiles/cmTC_5fc15.dir/link.txt --verbose=1
/usr/bin/cc  -DCHECK_FUNCTION_EXISTS=pthread_create    -rdynamic CMakeFiles/cmTC_5fc15.dir/CheckFunctionExists.c.o  -o cmTC_5fc15 -lpthreads 
/usr/bin/ld: cannot find -lpthreads
collect2: error: ld returned 1 exit status
CMakeFiles/cmTC_5fc15.dir/build.make:97: recipe for target 'cmTC_5fc15' failed
make[1]: *** [cmTC_5fc15] Error 1
make[1]: Leaving directory '/home/jhsrobo/Github/ROVMIND/ros_workspace/build/CMakeFiles/CMakeTmp'
Makefile:126: recipe for target 'cmTC_5fc15/fast' failed
make: *** [cmTC_5fc15/fast] Error 2


