Determining if the pthread_create exist failed with the following output:
Change Dir: /home/tcu/Github/ROVMIND/ros_workspace/build/CMakeFiles/CMakeTmp

Run Build Command:"/usr/bin/make" "cmTC_904bd/fast"
/usr/bin/make -f CMakeFiles/cmTC_904bd.dir/build.make CMakeFiles/cmTC_904bd.dir/build
make[1]: Entering directory '/home/tcu/Github/ROVMIND/ros_workspace/build/CMakeFiles/CMakeTmp'
Building C object CMakeFiles/cmTC_904bd.dir/CheckSymbolExists.c.o
/usr/bin/cc    -o CMakeFiles/cmTC_904bd.dir/CheckSymbolExists.c.o   -c /home/tcu/Github/ROVMIND/ros_workspace/build/CMakeFiles/CMakeTmp/CheckSymbolExists.c
Linking C executable cmTC_904bd
/usr/bin/cmake -E cmake_link_script CMakeFiles/cmTC_904bd.dir/link.txt --verbose=1
/usr/bin/cc      -rdynamic CMakeFiles/cmTC_904bd.dir/CheckSymbolExists.c.o  -o cmTC_904bd 
CMakeFiles/cmTC_904bd.dir/CheckSymbolExists.c.o: In function `main':
CheckSymbolExists.c:(.text+0x1b): undefined reference to `pthread_create'
collect2: error: ld returned 1 exit status
CMakeFiles/cmTC_904bd.dir/build.make:97: recipe for target 'cmTC_904bd' failed
make[1]: *** [cmTC_904bd] Error 1
make[1]: Leaving directory '/home/tcu/Github/ROVMIND/ros_workspace/build/CMakeFiles/CMakeTmp'
Makefile:126: recipe for target 'cmTC_904bd/fast' failed
make: *** [cmTC_904bd/fast] Error 2

File /home/tcu/Github/ROVMIND/ros_workspace/build/CMakeFiles/CMakeTmp/CheckSymbolExists.c:
/* */
#include <pthread.h>

int main(int argc, char** argv)
{
  (void)argv;
#ifndef pthread_create
  return ((int*)(&pthread_create))[argc];
#else
  (void)argc;
  return 0;
#endif
}

Determining if the function pthread_create exists in the pthreads failed with the following output:
Change Dir: /home/tcu/Github/ROVMIND/ros_workspace/build/CMakeFiles/CMakeTmp

Run Build Command:"/usr/bin/make" "cmTC_be03e/fast"
/usr/bin/make -f CMakeFiles/cmTC_be03e.dir/build.make CMakeFiles/cmTC_be03e.dir/build
make[1]: Entering directory '/home/tcu/Github/ROVMIND/ros_workspace/build/CMakeFiles/CMakeTmp'
Building C object CMakeFiles/cmTC_be03e.dir/CheckFunctionExists.c.o
/usr/bin/cc   -DCHECK_FUNCTION_EXISTS=pthread_create   -o CMakeFiles/cmTC_be03e.dir/CheckFunctionExists.c.o   -c /usr/share/cmake-3.10/Modules/CheckFunctionExists.c
Linking C executable cmTC_be03e
/usr/bin/cmake -E cmake_link_script CMakeFiles/cmTC_be03e.dir/link.txt --verbose=1
/usr/bin/cc  -DCHECK_FUNCTION_EXISTS=pthread_create    -rdynamic CMakeFiles/cmTC_be03e.dir/CheckFunctionExists.c.o  -o cmTC_be03e -lpthreads 
/usr/bin/ld: cannot find -lpthreads
collect2: error: ld returned 1 exit status
CMakeFiles/cmTC_be03e.dir/build.make:97: recipe for target 'cmTC_be03e' failed
make[1]: *** [cmTC_be03e] Error 1
make[1]: Leaving directory '/home/tcu/Github/ROVMIND/ros_workspace/build/CMakeFiles/CMakeTmp'
Makefile:126: recipe for target 'cmTC_be03e/fast' failed
make: *** [cmTC_be03e/fast] Error 2


